[debug] [2023-06-26T11:33:27.765Z] ----------------------------------------------------------------------
[debug] [2023-06-26T11:33:27.767Z] Command:       /usr/local/bin/node /usr/local/bin/firebase init
[debug] [2023-06-26T11:33:27.767Z] CLI Version:   12.4.0
[debug] [2023-06-26T11:33:27.768Z] Platform:      linux
[debug] [2023-06-26T11:33:27.768Z] Node Version:  v18.16.0
[debug] [2023-06-26T11:33:27.768Z] Time:          Mon Jun 26 2023 17:03:27 GMT+0530 (India Standard Time)
[debug] [2023-06-26T11:33:27.768Z] ----------------------------------------------------------------------
[debug] 
[debug] [2023-06-26T11:33:27.774Z] > command requires scopes: ["email","openid","https://www.googleapis.com/auth/cloudplatformprojects.readonly","https://www.googleapis.com/auth/firebase","https://www.googleapis.com/auth/cloud-platform"]
[debug] [2023-06-26T11:33:27.774Z] > authorizing via signed-in user (abhishek776086@gmail.com)
[info] 
     ######## #### ########  ######## ########     ###     ######  ########
     ##        ##  ##     ## ##       ##     ##  ##   ##  ##       ##
     ######    ##  ########  ######   ########  #########  ######  ######
     ##        ##  ##    ##  ##       ##     ## ##     ##       ## ##
     ##       #### ##     ## ######## ########  ##     ##  ######  ########

You're about to initialize a Firebase project in this directory:

  /home/abhishek/Documents/pws/angular-pro-academy/courses-angular-without-host

[info] 
=== Project Setup
[info] 
[info] First, let's associate this project directory with a Firebase project.
[info] You can create multiple project aliases by running firebase use --add, 
[info] but for now we'll just set up a default project.
[info] 
[debug] [2023-06-26T11:33:34.562Z] > refreshing access token with scopes: []
[debug] [2023-06-26T11:33:34.566Z] >>> [apiv2][query] POST https://www.googleapis.com/oauth2/v3/token [none]
[debug] [2023-06-26T11:33:34.566Z] >>> [apiv2][body] POST https://www.googleapis.com/oauth2/v3/token [omitted]
[debug] [2023-06-26T11:33:34.807Z] <<< [apiv2][status] POST https://www.googleapis.com/oauth2/v3/token 200
[debug] [2023-06-26T11:33:34.807Z] <<< [apiv2][body] POST https://www.googleapis.com/oauth2/v3/token [omitted]
[debug] [2023-06-26T11:33:34.886Z] >>> [apiv2][query] GET https://firebase.googleapis.com/v1beta1/projects pageSize=100
[debug] [2023-06-26T11:33:35.669Z] <<< [apiv2][status] GET https://firebase.googleapis.com/v1beta1/projects 200
[debug] [2023-06-26T11:33:35.669Z] <<< [apiv2][body] GET https://firebase.googleapis.com/v1beta1/projects [omitted]
[info] i  Using project angular-course-954e1 (angular-course) 
[info] 
=== Hosting Setup
[info] 
[info] Your public directory is the folder (relative to your project directory) that
[info] will contain Hosting assets to be uploaded with firebase deploy. If you
[info] have a build process for your assets, use your build's output directory.
[info] 
[debug] [2023-06-26T11:34:00.119Z] >>> [apiv2][query] GET https://www.gstatic.com/firebasejs/releases.json [none]
[debug] [2023-06-26T11:34:00.251Z] <<< [apiv2][status] GET https://www.gstatic.com/firebasejs/releases.json 200
[debug] [2023-06-26T11:34:00.251Z] <<< [apiv2][body] GET https://www.gstatic.com/firebasejs/releases.json {"current":{"version":"9.23.0","browserURL":"https://www.gstatic.com/firebasejs/9.23.0/firebase.js","packageURL":"https://www.gstatic.com/firebasejs/9.23.0/firebase.tgz"},"live":{"version":"9.23","browserURL":"https://www.gstatic.com/firebasejs/live/9.23/firebase.js","packageURL":"https://www.gstatic.com/firebasejs/live/9.23/firebase.tgz"},"components":{"analytics":"https://www.gstatic.com/firebasejs/9.23.0/firebase-analytics.js","app":"https://www.gstatic.com/firebasejs/9.23.0/firebase-app.js","app-check":"https://www.gstatic.com/firebasejs/9.23.0/firebase-app-check.js","auth":"https://www.gstatic.com/firebasejs/9.23.0/firebase-auth.js","auth/cordova":"https://www.gstatic.com/firebasejs/9.23.0/firebase-auth/cordova.js","auth/react-native":"https://www.gstatic.com/firebasejs/9.23.0/firebase-auth/react-native.js","functions":"https://www.gstatic.com/firebasejs/9.23.0/firebase-functions.js","firestore":"https://www.gstatic.com/firebasejs/9.23.0/firebase-firestore.js","firestore/lite":"https://www.gstatic.com/firebasejs/9.23.0/firebase-firestore/lite.js","installations":"https://www.gstatic.com/firebasejs/9.23.0/firebase-installations.js","storage":"https://www.gstatic.com/firebasejs/9.23.0/firebase-storage.js","performance":"https://www.gstatic.com/firebasejs/9.23.0/firebase-performance.js","remote-config":"https://www.gstatic.com/firebasejs/9.23.0/firebase-remote-config.js","messaging":"https://www.gstatic.com/firebasejs/9.23.0/firebase-messaging.js","messaging/sw":"https://www.gstatic.com/firebasejs/9.23.0/firebase-messaging/sw.js","database":"https://www.gstatic.com/firebasejs/9.23.0/firebase-database.js","firestore.memory":"https://www.gstatic.com/firebasejs/9.23.0/firebase-firestore.memory.js"}}
[info] ✔  Wrote Y/index.html 
[info] 
[info] i  Detected a .git folder at /home/abhishek/Documents/pws/angular-pro-academy/courses-angular-without-host 
[info] i  Authorizing with GitHub to upload your service account to a GitHub repository's secrets store. 
[info] 
[info] Visit this URL on this device to log in:
[info] https://github.com/login/oauth/authorize?client_id=89cf50f02ac6aaed3484&state=526594920&redirect_uri=http%3A%2F%2Flocalhost%3A9005&scope=read%3Auser%20repo%20public_repo
[info] 
[info] Waiting for authentication...
[debug] [2023-06-26T11:34:16.166Z] >>> [apiv2][query] POST https://github.com/login/oauth/access_token [none]
[debug] [2023-06-26T11:34:16.167Z] >>> [apiv2][body] POST https://github.com/login/oauth/access_token [stream]
[debug] [2023-06-26T11:34:16.667Z] <<< [apiv2][status] POST https://github.com/login/oauth/access_token 200
[debug] [2023-06-26T11:34:16.667Z] <<< [apiv2][body] POST https://github.com/login/oauth/access_token {"access_token":"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","token_type":"bearer","scope":"read:user,repo"}
[debug] [2023-06-26T11:34:16.678Z] >>> [apiv2][query] GET https://api.github.com/user [none]
[debug] [2023-06-26T11:34:17.219Z] <<< [apiv2][status] GET https://api.github.com/user 200
[debug] [2023-06-26T11:34:17.219Z] <<< [apiv2][body] GET https://api.github.com/user {"login":"AbhishekPipo","id":124336991,"node_id":"U_kgDOB2k7Xw","avatar_url":"https://avatars.githubusercontent.com/u/124336991?v=4","gravatar_id":"","url":"https://api.github.com/users/AbhishekPipo","html_url":"https://github.com/AbhishekPipo","followers_url":"https://api.github.com/users/AbhishekPipo/followers","following_url":"https://api.github.com/users/AbhishekPipo/following{/other_user}","gists_url":"https://api.github.com/users/AbhishekPipo/gists{/gist_id}","starred_url":"https://api.github.com/users/AbhishekPipo/starred{/owner}{/repo}","subscriptions_url":"https://api.github.com/users/AbhishekPipo/subscriptions","organizations_url":"https://api.github.com/users/AbhishekPipo/orgs","repos_url":"https://api.github.com/users/AbhishekPipo/repos","events_url":"https://api.github.com/users/AbhishekPipo/events{/privacy}","received_events_url":"https://api.github.com/users/AbhishekPipo/received_events","type":"User","site_admin":false,"name":null,"company":"Pace Wisdom Solutions","blog":"","location":"Bengaluru","email":null,"hireable":null,"bio":"I'm a web development ninja with an eye for sleek design. My sites are always cutting-edge and dynamic, with every pixel crafted to perfection.","twitter_username":null,"public_repos":67,"public_gists":0,"followers":2,"following":4,"created_at":"2023-02-03T05:57:52Z","updated_at":"2023-06-26T11:13:38Z","private_gists":0,"total_private_repos":1,"owned_private_repos":1,"disk_usage":65593,"collaborators":0,"two_factor_authentication":false,"plan":{"name":"free","space":976562499,"collaborators":0,"private_repos":10000}}
[info] 
[info] ✔  Success! Logged into GitHub as AbhishekPipo 
[info] 
